  DES.cpp
D:\repos\security\message\DES.cpp(333,23): warning C4018: '<': signed 또는 unsigned가 일치하지 않습니다.
D:\repos\security\message\DES.cpp(392,23): warning C4018: '<': signed 또는 unsigned가 일치하지 않습니다.
  main.cpp
D:\repos\security\message\CTR.h(48,21): warning C4018: '<': signed 또는 unsigned가 일치하지 않습니다.
D:\repos\security\message\CTR.h(60,21): warning C4018: '<': signed 또는 unsigned가 일치하지 않습니다.
D:\repos\security\message\CTR.h(72,21): warning C4018: '<': signed 또는 unsigned가 일치하지 않습니다.
D:\repos\security\message\CTR.h(85,46): warning C4018: '<': signed 또는 unsigned가 일치하지 않습니다.
D:\repos\security\message\CTR.h(111,21): warning C4018: '<': signed 또는 unsigned가 일치하지 않습니다.
D:\repos\security\message\CTR.h(133,21): warning C4018: '<': signed 또는 unsigned가 일치하지 않습니다.
D:\repos\security\message\CTR.h(159,21): warning C4018: '<': signed 또는 unsigned가 일치하지 않습니다.
D:\repos\security\message\main.cpp(11,16): warning C4838: 'int'에서 'char'(으)로의 변환에는 축소 변환이 필요합니다.
D:\repos\security\message\main.cpp(11,132): warning C4305: '초기화 중': 'int'에서 'char'(으)로 잘립니다.
D:\repos\security\message\main.cpp(11,16): warning C4309: '초기화 중': 상수 값이 잘립니다.
D:\repos\security\message\main.cpp(11,23): warning C4838: 'int'에서 'char'(으)로의 변환에는 축소 변환이 필요합니다.
D:\repos\security\message\main.cpp(11,23): warning C4309: '초기화 중': 상수 값이 잘립니다.
D:\repos\security\message\main.cpp(11,30): warning C4838: 'int'에서 'char'(으)로의 변환에는 축소 변환이 필요합니다.
D:\repos\security\message\main.cpp(11,30): warning C4309: '초기화 중': 상수 값이 잘립니다.
D:\repos\security\message\main.cpp(11,37): warning C4838: 'int'에서 'char'(으)로의 변환에는 축소 변환이 필요합니다.
D:\repos\security\message\main.cpp(11,37): warning C4309: '초기화 중': 상수 값이 잘립니다.
D:\repos\security\message\main.cpp(11,54): warning C4838: 'int'에서 'char'(으)로의 변환에는 축소 변환이 필요합니다.
D:\repos\security\message\main.cpp(11,54): warning C4309: '초기화 중': 상수 값이 잘립니다.
D:\repos\security\message\main.cpp(11,66): warning C4838: 'int'에서 'char'(으)로의 변환에는 축소 변환이 필요합니다.
D:\repos\security\message\main.cpp(11,66): warning C4309: '초기화 중': 상수 값이 잘립니다.
D:\repos\security\message\main.cpp(11,73): warning C4838: 'int'에서 'char'(으)로의 변환에는 축소 변환이 필요합니다.
D:\repos\security\message\main.cpp(11,73): warning C4309: '초기화 중': 상수 값이 잘립니다.
D:\repos\security\message\main.cpp(26,26): warning C4101: 'tm_min' :참조되지 않은 지역 변수입니다.
D:\repos\security\message\main.cpp(26,9): warning C4101: 'tm_day' :참조되지 않은 지역 변수입니다.
D:\repos\security\message\main.cpp(26,34): warning C4101: 'tm_sec' :참조되지 않은 지역 변수입니다.
D:\repos\security\message\main.cpp(26,17): warning C4101: 'tm_hour' :참조되지 않은 지역 변수입니다.
D:\repos\security\message\main.cpp(64,15): warning C4244: '인수': 'time_t'에서 'unsigned int'(으)로 변환하면서 데이터가 손실될 수 있습니다.
D:\repos\security\message\main.cpp(65,12): warning C4101: 'result' :참조되지 않은 지역 변수입니다.
D:\Program Files (x86)\Microsoft Visual Studio\2019\Community\VC\Tools\MSVC\14.28.29910\include\thread(54,14): error C2672: 'invoke': 일치하는 오버로드된 함수가 없습니다.
D:\Program Files (x86)\Microsoft Visual Studio\2019\Community\VC\Tools\MSVC\14.28.29910\include\thread(60): message : 컴파일되는 함수 템플릿 인스턴스화 'unsigned int std::thread::_Invoke<_Tuple,0,1,2>(void *) noexcept'에 대한 참조를 확인하세요.
          with
          [
              _Tuple=_Tuple
          ]
D:\Program Files (x86)\Microsoft Visual Studio\2019\Community\VC\Tools\MSVC\14.28.29910\include\thread(65): message : 컴파일되는 함수 템플릿 인스턴스화 'unsigned int (__stdcall *std::thread::_Get_invoke<_Tuple,0,1,2>(std::integer_sequence<size_t,0,1,2>) noexcept)(void *)'에 대한 참조를 확인하세요.
D:\Program Files (x86)\Microsoft Visual Studio\2019\Community\VC\Tools\MSVC\14.28.29910\include\thread(88): message : 컴파일되는 함수 템플릿 인스턴스화 'void std::thread::_Start<_Ty,CTR*,int>(_Fn &&,CTR *&&,int &&)'에 대한 참조를 확인하세요.
          with
          [
              _Ty=void (__thiscall CTR::* )(void),
              _Fn=void (__thiscall CTR::* )(void)
          ]
D:\repos\security\message\CTR.h(100): message : 컴파일되는 함수 템플릿 인스턴스화 'std::thread::thread<void(__thiscall CTR::* )(void),CTR*,int,0>(_Fn &&,CTR *&&,int &&)'에 대한 참조를 확인하세요.
          with
          [
              _Fn=void (__thiscall CTR::* )(void)
          ]
D:\Program Files (x86)\Microsoft Visual Studio\2019\Community\VC\Tools\MSVC\14.28.29910\include\thread(50,5): error C2893: 함수 템플릿 'unknown-type std::invoke(_Callable &&,_Ty1 &&,_Types2 &&...) noexcept(<expr>)'을(를) 특수화하지 못했습니다.
D:\Program Files (x86)\Microsoft Visual Studio\2019\Community\VC\Tools\MSVC\14.28.29910\include\type_traits(1589): message : 'std::invoke' 선언을 참조하십시오.
D:\Program Files (x86)\Microsoft Visual Studio\2019\Community\VC\Tools\MSVC\14.28.29910\include\thread(50,5): message : 다음 템플릿 인수 사용:
D:\Program Files (x86)\Microsoft Visual Studio\2019\Community\VC\Tools\MSVC\14.28.29910\include\thread(50,5): message : '_Callable=void (__thiscall CTR::* )(void)'
D:\Program Files (x86)\Microsoft Visual Studio\2019\Community\VC\Tools\MSVC\14.28.29910\include\thread(50,5): message : '_Ty1=CTR *'
D:\Program Files (x86)\Microsoft Visual Studio\2019\Community\VC\Tools\MSVC\14.28.29910\include\thread(50,5): message : '_Types2={int}'
D:\Program Files (x86)\Microsoft Visual Studio\2019\Community\VC\Tools\MSVC\14.28.29910\include\thread(50,5): error C2780: 'unknown-type std::invoke(_Callable &&) noexcept(<expr>)': 인수가 1개 있어야 하는데 3개를 사용했습니다.
D:\Program Files (x86)\Microsoft Visual Studio\2019\Community\VC\Tools\MSVC\14.28.29910\include\type_traits(1583): message : 'std::invoke' 선언을 참조하십시오.
  코드를 생성하고 있습니다...
