d:\repos\security\key\ctr\x64\release\vc142.pdb
d:\repos\security\key\ctr\x64\release\main.obj
d:\repos\security\key\ctr\x64\release\des.obj
d:\repos\security\termproject\ctr\x64\release\vc142.pdb
d:\repos\security\termproject\ctr\x64\release\des.obj
d:\repos\security\termproject\ctr\x64\release\main.obj
d:\repos\security\termproject\ctr\x64\release\ctr.obj
d:\repos\security\key\ctr\x64\release\ctr.ipdb
d:\repos\security\key\ctr\x64\release\ctr.iobj
d:\repos\security\termproject\ctr\x64\release\ctr.ipdb
d:\repos\security\termproject\ctr\x64\release\ctr.iobj
d:\repos\security\key\ctr\x64\release\ctr.exe
d:\repos\security\key\ctr\x64\release\ctr.pdb
d:\repos\security\termproject\ctr\x64\release\ctr.exe
d:\repos\security\termproject\ctr\x64\release\ctr.pdb
d:\repos\security\termproject\ctr\x64\release\ctr.tlog\cl.command.1.tlog
d:\repos\security\termproject\ctr\x64\release\ctr.tlog\cl.read.1.tlog
d:\repos\security\termproject\ctr\x64\release\ctr.tlog\cl.write.1.tlog
d:\repos\security\termproject\ctr\x64\release\ctr.tlog\ctr.write.1u.tlog
d:\repos\security\termproject\ctr\x64\release\ctr.tlog\link.command.1.tlog
d:\repos\security\termproject\ctr\x64\release\ctr.tlog\link.read.1.tlog
d:\repos\security\termproject\ctr\x64\release\ctr.tlog\link.write.1.tlog
